2023-04-06 13:37:56,851  INFO [main] HealthCureProject:15 - Land on Home Page
2023-04-06 13:37:57,066  INFO [main] HealthCureProject:17 - Click On dropDown
2023-04-06 13:37:57,673  INFO [main] HealthCureProject:19 - Click on Profile
2023-04-06 13:37:57,747  INFO [main] HealthCureProject:21 - Verify Profile Page Page
2023-04-06 13:37:57,857  INFO [main] HealthCureProject:24 - Click on DropDown
2023-04-06 13:37:58,566  INFO [main] HealthCureProject:26 - Click on Logout
2023-04-06 13:38:42,126  INFO [main] HealthCureProject:50 - land On Login Page
2023-04-06 13:38:42,290  INFO [main] HealthCureProject:53 - Enter the Username as Admin
2023-04-06 13:38:42,565  INFO [main] HealthCureProject:55 - Enter the Password
2023-04-06 13:38:43,490  INFO [main] HealthCureProject:57 - Click login btn
2023-04-06 13:38:43,570  INFO [main] HealthCureProject:59 - verifying Invalid Credential
2023-04-06 13:38:44,171  INFO [main] HealthCureProject:50 - land On Login Page
2023-04-06 13:38:44,425  INFO [main] HealthCureProject:53 - Enter the Username as kira
2023-04-06 13:38:44,558  INFO [main] HealthCureProject:55 - Enter the Password
2023-04-06 13:38:45,419  INFO [main] HealthCureProject:57 - Click login btn
2023-04-06 13:38:45,513  INFO [main] HealthCureProject:59 - verifying Invalid Credential
2023-04-06 13:38:46,016  INFO [main] HealthCureProject:50 - land On Login Page
2023-04-06 13:38:46,155  INFO [main] HealthCureProject:53 - Enter the Username as Admin
2023-04-06 13:38:46,293  INFO [main] HealthCureProject:55 - Enter the Password
2023-04-06 13:38:47,092  INFO [main] HealthCureProject:57 - Click login btn
2023-04-06 13:38:47,200  INFO [main] HealthCureProject:59 - verifying Invalid Credential
2023-04-06 13:38:47,926  INFO [main] HealthCureProject:50 - land On Login Page
2023-04-06 13:38:48,054  INFO [main] HealthCureProject:53 - Enter the Username as Admin
2023-04-06 13:38:48,187  INFO [main] HealthCureProject:55 - Enter the Password
2023-04-06 13:38:49,767  INFO [main] HealthCureProject:57 - Click login btn
2023-04-06 13:38:49,869  INFO [main] HealthCureProject:59 - verifying Invalid Credential
2023-04-06 13:38:50,415  INFO [main] HealthCureProject:50 - land On Login Page
2023-04-06 13:38:50,577  INFO [main] HealthCureProject:53 - Enter the Username as prjwal@gmail.com
2023-04-06 13:38:50,691  INFO [main] HealthCureProject:55 - Enter the Password
2023-04-06 13:38:52,098  INFO [main] HealthCureProject:57 - Click login btn
2023-04-06 13:38:52,185  INFO [main] HealthCureProject:59 - verifying Invalid Credential
2023-04-06 13:38:52,640  INFO [main] HealthCureProject:50 - land On Login Page
2023-04-06 13:38:52,796  INFO [main] HealthCureProject:53 - Enter the Username as rama@gmail.com
2023-04-06 13:38:52,913  INFO [main] HealthCureProject:55 - Enter the Password
2023-04-06 13:38:53,872  INFO [main] HealthCureProject:57 - Click login btn
2023-04-06 13:38:53,944  INFO [main] HealthCureProject:59 - verifying Invalid Credential
2023-04-06 13:38:54,560  INFO [main] HealthCureProject:50 - land On Login Page
2023-04-06 13:38:54,698  INFO [main] HealthCureProject:53 - Enter the Username as Rama@123
2023-04-06 13:38:54,823  INFO [main] HealthCureProject:55 - Enter the Password
2023-04-06 13:38:55,814  INFO [main] HealthCureProject:57 - Click login btn
2023-04-06 13:38:55,889  INFO [main] HealthCureProject:59 - verifying Invalid Credential
2023-04-06 13:38:56,337  INFO [main] HealthCureProject:50 - land On Login Page
2023-04-06 13:38:56,471  INFO [main] HealthCureProject:53 - Enter the Username as kira@abc
2023-04-06 13:38:56,591  INFO [main] HealthCureProject:55 - Enter the Password
2023-04-06 13:38:57,491  INFO [main] HealthCureProject:57 - Click login btn
2023-04-06 13:38:57,577  INFO [main] HealthCureProject:59 - verifying Invalid Credential
2023-04-06 13:38:58,131  INFO [main] HealthCureProject:36 - land On Login Page
2023-04-06 13:38:58,273  INFO [main] HealthCureProject:39 - Enter the Username as John Doe
2023-04-06 13:38:58,476  INFO [main] HealthCureProject:41 - Enter the Password as ThisIsNotAPassword
2023-04-06 13:38:59,333  INFO [main] HealthCureProject:43 - Click login btn
2023-04-06 13:39:02,661 DEBUG [main] cache:45 - Couldn't find template in cache for "index.ftl"("en", UTF-8, parsed); will try to load it.
2023-04-06 13:39:02,694 DEBUG [main] cache:45 - TemplateLoader.findTemplateSource("index_en.ftl"): Not found
2023-04-06 13:39:02,699 DEBUG [main] cache:45 - TemplateLoader.findTemplateSource("index.ftl"): Found
2023-04-06 13:39:02,700 DEBUG [main] cache:45 - Loading template for "index.ftl"("en", UTF-8, parsed) from "jar:file:/C:/Users/PC/.m2/repository/com/aventstack/extentreports/3.1.2/extentreports-3.1.2.jar!/com/aventstack/extentreports/view/html-report/index.ftl"
2023-04-06 13:39:03,880 DEBUG [main] cache:45 - Couldn't find template in cache for "head.ftl"("en", UTF-8, parsed); will try to load it.
2023-04-06 13:39:03,883 DEBUG [main] cache:45 - TemplateLoader.findTemplateSource("head_en.ftl"): Not found
2023-04-06 13:39:03,884 DEBUG [main] cache:45 - TemplateLoader.findTemplateSource("head.ftl"): Found
2023-04-06 13:39:03,885 DEBUG [main] cache:45 - Loading template for "head.ftl"("en", UTF-8, parsed) from "jar:file:/C:/Users/PC/.m2/repository/com/aventstack/extentreports/3.1.2/extentreports-3.1.2.jar!/com/aventstack/extentreports/view/html-report/head.ftl"
2023-04-06 13:39:03,893 DEBUG [main] cache:45 - Couldn't find template in cache for "nav.ftl"("en", UTF-8, parsed); will try to load it.
2023-04-06 13:39:03,895 DEBUG [main] cache:45 - TemplateLoader.findTemplateSource("nav_en.ftl"): Not found
2023-04-06 13:39:03,897 DEBUG [main] cache:45 - TemplateLoader.findTemplateSource("nav.ftl"): Found
2023-04-06 13:39:03,898 DEBUG [main] cache:45 - Loading template for "nav.ftl"("en", UTF-8, parsed) from "jar:file:/C:/Users/PC/.m2/repository/com/aventstack/extentreports/3.1.2/extentreports-3.1.2.jar!/com/aventstack/extentreports/view/html-report/nav.ftl"
2023-04-06 13:39:03,916 DEBUG [main] cache:45 - Couldn't find template in cache for "test-view/test-view.ftl"("en", UTF-8, parsed); will try to load it.
2023-04-06 13:39:03,917 DEBUG [main] cache:45 - TemplateLoader.findTemplateSource("test-view/test-view_en.ftl"): Not found
2023-04-06 13:39:03,920 DEBUG [main] cache:45 - TemplateLoader.findTemplateSource("test-view/test-view.ftl"): Found
2023-04-06 13:39:03,926 DEBUG [main] cache:45 - Loading template for "test-view/test-view.ftl"("en", UTF-8, parsed) from "jar:file:/C:/Users/PC/.m2/repository/com/aventstack/extentreports/3.1.2/extentreports-3.1.2.jar!/com/aventstack/extentreports/view/html-report/test-view/test-view.ftl"
2023-04-06 13:39:04,015 DEBUG [main] cache:45 - Couldn't find template in cache for "test-view/test-view-charts.ftl"("en", UTF-8, parsed); will try to load it.
2023-04-06 13:39:04,016 DEBUG [main] cache:45 - TemplateLoader.findTemplateSource("test-view/test-view-charts_en.ftl"): Not found
2023-04-06 13:39:04,017 DEBUG [main] cache:45 - TemplateLoader.findTemplateSource("test-view/test-view-charts.ftl"): Found
2023-04-06 13:39:04,018 DEBUG [main] cache:45 - Loading template for "test-view/test-view-charts.ftl"("en", UTF-8, parsed) from "jar:file:/C:/Users/PC/.m2/repository/com/aventstack/extentreports/3.1.2/extentreports-3.1.2.jar!/com/aventstack/extentreports/view/html-report/test-view/test-view-charts.ftl"
2023-04-06 13:39:04,039 DEBUG [main] cache:45 - Couldn't find template in cache for "test-view/standard.ftl"("en", UTF-8, parsed); will try to load it.
2023-04-06 13:39:04,040 DEBUG [main] cache:45 - TemplateLoader.findTemplateSource("test-view/standard_en.ftl"): Not found
2023-04-06 13:39:04,044 DEBUG [main] cache:45 - TemplateLoader.findTemplateSource("test-view/standard.ftl"): Found
2023-04-06 13:39:04,045 DEBUG [main] cache:45 - Loading template for "test-view/standard.ftl"("en", UTF-8, parsed) from "jar:file:/C:/Users/PC/.m2/repository/com/aventstack/extentreports/3.1.2/extentreports-3.1.2.jar!/com/aventstack/extentreports/view/html-report/test-view/standard.ftl"
2023-04-06 13:39:04,075 DEBUG [main] cache:45 - "test-view/standard.ftl"("en", UTF-8, parsed) cached copy not yet stale; using cached.
2023-04-06 13:39:04,079 DEBUG [main] cache:45 - "test-view/standard.ftl"("en", UTF-8, parsed) cached copy not yet stale; using cached.
2023-04-06 13:39:04,081 DEBUG [main] cache:45 - "test-view/standard.ftl"("en", UTF-8, parsed) cached copy not yet stale; using cached.
2023-04-06 13:39:04,083 DEBUG [main] cache:45 - "test-view/standard.ftl"("en", UTF-8, parsed) cached copy not yet stale; using cached.
2023-04-06 13:39:04,085 DEBUG [main] cache:45 - "test-view/standard.ftl"("en", UTF-8, parsed) cached copy not yet stale; using cached.
2023-04-06 13:39:04,088 DEBUG [main] cache:45 - "test-view/standard.ftl"("en", UTF-8, parsed) cached copy not yet stale; using cached.
2023-04-06 13:39:04,092 DEBUG [main] cache:45 - "test-view/standard.ftl"("en", UTF-8, parsed) cached copy not yet stale; using cached.
2023-04-06 13:39:04,096 DEBUG [main] cache:45 - "test-view/standard.ftl"("en", UTF-8, parsed) cached copy not yet stale; using cached.
2023-04-06 13:39:04,098 DEBUG [main] cache:45 - "test-view/standard.ftl"("en", UTF-8, parsed) cached copy not yet stale; using cached.
2023-04-06 13:39:04,100 DEBUG [main] cache:45 - "test-view/standard.ftl"("en", UTF-8, parsed) cached copy not yet stale; using cached.
2023-04-06 13:39:04,104 DEBUG [main] cache:45 - "test-view/standard.ftl"("en", UTF-8, parsed) cached copy not yet stale; using cached.
2023-04-06 13:39:04,108 DEBUG [main] cache:45 - "test-view/standard.ftl"("en", UTF-8, parsed) cached copy not yet stale; using cached.
2023-04-06 13:39:04,111 DEBUG [main] cache:45 - "test-view/standard.ftl"("en", UTF-8, parsed) cached copy not yet stale; using cached.
2023-04-06 13:39:04,112 DEBUG [main] cache:45 - "test-view/standard.ftl"("en", UTF-8, parsed) cached copy not yet stale; using cached.
2023-04-06 13:39:04,115 DEBUG [main] cache:45 - "test-view/standard.ftl"("en", UTF-8, parsed) cached copy not yet stale; using cached.
2023-04-06 13:39:04,119 DEBUG [main] cache:45 - "test-view/standard.ftl"("en", UTF-8, parsed) cached copy not yet stale; using cached.
2023-04-06 13:39:04,121 DEBUG [main] cache:45 - Couldn't find template in cache for "category-view/category-view.ftl"("en", UTF-8, parsed); will try to load it.
2023-04-06 13:39:04,127 DEBUG [main] cache:45 - TemplateLoader.findTemplateSource("category-view/category-view_en.ftl"): Not found
2023-04-06 13:39:04,135 DEBUG [main] cache:45 - TemplateLoader.findTemplateSource("category-view/category-view.ftl"): Found
2023-04-06 13:39:04,136 DEBUG [main] cache:45 - Loading template for "category-view/category-view.ftl"("en", UTF-8, parsed) from "jar:file:/C:/Users/PC/.m2/repository/com/aventstack/extentreports/3.1.2/extentreports-3.1.2.jar!/com/aventstack/extentreports/view/html-report/category-view/category-view.ftl"
2023-04-06 13:39:04,183 DEBUG [main] cache:45 - Couldn't find template in cache for "author-view/author-view.ftl"("en", UTF-8, parsed); will try to load it.
2023-04-06 13:39:04,184 DEBUG [main] cache:45 - TemplateLoader.findTemplateSource("author-view/author-view_en.ftl"): Not found
2023-04-06 13:39:04,185 DEBUG [main] cache:45 - TemplateLoader.findTemplateSource("author-view/author-view.ftl"): Found
2023-04-06 13:39:04,185 DEBUG [main] cache:45 - Loading template for "author-view/author-view.ftl"("en", UTF-8, parsed) from "jar:file:/C:/Users/PC/.m2/repository/com/aventstack/extentreports/3.1.2/extentreports-3.1.2.jar!/com/aventstack/extentreports/view/html-report/author-view/author-view.ftl"
2023-04-06 13:39:04,193 DEBUG [main] cache:45 - Couldn't find template in cache for "exception-view/exception-view.ftl"("en", UTF-8, parsed); will try to load it.
2023-04-06 13:39:04,195 DEBUG [main] cache:45 - TemplateLoader.findTemplateSource("exception-view/exception-view_en.ftl"): Not found
2023-04-06 13:39:04,196 DEBUG [main] cache:45 - TemplateLoader.findTemplateSource("exception-view/exception-view.ftl"): Found
2023-04-06 13:39:04,197 DEBUG [main] cache:45 - Loading template for "exception-view/exception-view.ftl"("en", UTF-8, parsed) from "jar:file:/C:/Users/PC/.m2/repository/com/aventstack/extentreports/3.1.2/extentreports-3.1.2.jar!/com/aventstack/extentreports/view/html-report/exception-view/exception-view.ftl"
2023-04-06 13:39:04,202 DEBUG [main] cache:45 - Couldn't find template in cache for "dashboard-view/dashboard-view.ftl"("en", UTF-8, parsed); will try to load it.
2023-04-06 13:39:04,203 DEBUG [main] cache:45 - TemplateLoader.findTemplateSource("dashboard-view/dashboard-view_en.ftl"): Not found
2023-04-06 13:39:04,204 DEBUG [main] cache:45 - TemplateLoader.findTemplateSource("dashboard-view/dashboard-view.ftl"): Found
2023-04-06 13:39:04,205 DEBUG [main] cache:45 - Loading template for "dashboard-view/dashboard-view.ftl"("en", UTF-8, parsed) from "jar:file:/C:/Users/PC/.m2/repository/com/aventstack/extentreports/3.1.2/extentreports-3.1.2.jar!/com/aventstack/extentreports/view/html-report/dashboard-view/dashboard-view.ftl"
2023-04-06 13:39:04,228 DEBUG [main] cache:45 - Couldn't find template in cache for "logs-view/testrunner-logs-view.ftl"("en", UTF-8, parsed); will try to load it.
2023-04-06 13:39:04,229 DEBUG [main] cache:45 - TemplateLoader.findTemplateSource("logs-view/testrunner-logs-view_en.ftl"): Not found
2023-04-06 13:39:04,231 DEBUG [main] cache:45 - TemplateLoader.findTemplateSource("logs-view/testrunner-logs-view.ftl"): Found
2023-04-06 13:39:04,232 DEBUG [main] cache:45 - Loading template for "logs-view/testrunner-logs-view.ftl"("en", UTF-8, parsed) from "jar:file:/C:/Users/PC/.m2/repository/com/aventstack/extentreports/3.1.2/extentreports-3.1.2.jar!/com/aventstack/extentreports/view/html-report/logs-view/testrunner-logs-view.ftl"
2023-04-08 19:11:46,385  INFO [main] HealthCureProject:15 - Land on Home Page
2023-04-08 19:11:46,700  INFO [main] HealthCureProject:17 - Click On dropDown
2023-04-08 19:11:47,257  INFO [main] HealthCureProject:19 - Click on Profile
2023-04-08 19:11:47,508  INFO [main] HealthCureProject:21 - Verify Profile Page Page
2023-04-08 19:11:47,616  INFO [main] HealthCureProject:24 - Click on DropDown
2023-04-08 19:11:48,342  INFO [main] HealthCureProject:26 - Click on Logout
2023-04-08 19:12:42,133  INFO [main] HealthCureProject:50 - land On Login Page
2023-04-08 19:12:42,267  INFO [main] HealthCureProject:53 - Enter the Username as Admin
2023-04-08 19:12:42,403  INFO [main] HealthCureProject:55 - Enter the Password
2023-04-08 19:12:43,251  INFO [main] HealthCureProject:57 - Click login btn
2023-04-08 19:12:43,325  INFO [main] HealthCureProject:59 - verifying Invalid Credential
2023-04-08 19:12:43,687  INFO [main] HealthCureProject:50 - land On Login Page
2023-04-08 19:12:43,835  INFO [main] HealthCureProject:53 - Enter the Username as kira
2023-04-08 19:12:43,989  INFO [main] HealthCureProject:55 - Enter the Password
2023-04-08 19:12:44,728  INFO [main] HealthCureProject:57 - Click login btn
2023-04-08 19:12:44,799  INFO [main] HealthCureProject:59 - verifying Invalid Credential
2023-04-08 19:12:45,161  INFO [main] HealthCureProject:50 - land On Login Page
2023-04-08 19:12:45,324  INFO [main] HealthCureProject:53 - Enter the Username as Admin
2023-04-08 19:12:45,487  INFO [main] HealthCureProject:55 - Enter the Password
2023-04-08 19:12:46,274  INFO [main] HealthCureProject:57 - Click login btn
2023-04-08 19:12:46,354  INFO [main] HealthCureProject:59 - verifying Invalid Credential
2023-04-08 19:12:46,713  INFO [main] HealthCureProject:50 - land On Login Page
2023-04-08 19:12:46,903  INFO [main] HealthCureProject:53 - Enter the Username as Admin
2023-04-08 19:12:47,054  INFO [main] HealthCureProject:55 - Enter the Password
2023-04-08 19:12:47,837  INFO [main] HealthCureProject:57 - Click login btn
2023-04-08 19:12:47,906  INFO [main] HealthCureProject:59 - verifying Invalid Credential
2023-04-08 19:12:48,270  INFO [main] HealthCureProject:50 - land On Login Page
2023-04-08 19:12:48,471  INFO [main] HealthCureProject:53 - Enter the Username as prjwal@gmail.com
2023-04-08 19:12:48,592  INFO [main] HealthCureProject:55 - Enter the Password
2023-04-08 19:12:50,139  INFO [main] HealthCureProject:57 - Click login btn
2023-04-08 19:12:50,207  INFO [main] HealthCureProject:59 - verifying Invalid Credential
2023-04-08 19:12:50,572  INFO [main] HealthCureProject:50 - land On Login Page
2023-04-08 19:12:50,750  INFO [main] HealthCureProject:53 - Enter the Username as rama@gmail.com
2023-04-08 19:12:50,872  INFO [main] HealthCureProject:55 - Enter the Password
2023-04-08 19:12:51,574  INFO [main] HealthCureProject:57 - Click login btn
2023-04-08 19:12:51,638  INFO [main] HealthCureProject:59 - verifying Invalid Credential
2023-04-08 19:12:52,000  INFO [main] HealthCureProject:50 - land On Login Page
2023-04-08 19:12:52,136  INFO [main] HealthCureProject:53 - Enter the Username as Rama@123
2023-04-08 19:12:52,265  INFO [main] HealthCureProject:55 - Enter the Password
2023-04-08 19:12:53,062  INFO [main] HealthCureProject:57 - Click login btn
2023-04-08 19:12:53,135  INFO [main] HealthCureProject:59 - verifying Invalid Credential
2023-04-08 19:12:53,513  INFO [main] HealthCureProject:50 - land On Login Page
2023-04-08 19:12:53,665  INFO [main] HealthCureProject:53 - Enter the Username as kira@abc
2023-04-08 19:12:53,864  INFO [main] HealthCureProject:55 - Enter the Password
2023-04-08 19:12:54,767  INFO [main] HealthCureProject:57 - Click login btn
2023-04-08 19:12:54,938  INFO [main] HealthCureProject:59 - verifying Invalid Credential
2023-04-08 19:12:55,511  INFO [main] HealthCureProject:36 - land On Login Page
2023-04-08 19:12:56,043  INFO [main] HealthCureProject:39 - Enter the Username as John Doe
2023-04-08 19:12:56,893  INFO [main] HealthCureProject:41 - Enter the Password as ThisIsNotAPassword
2023-04-08 19:12:58,046  INFO [main] HealthCureProject:43 - Click login btn
2023-04-08 19:14:15,244 DEBUG [main] cache:45 - Couldn't find template in cache for "index.ftl"("en", UTF-8, parsed); will try to load it.
2023-04-08 19:14:15,248 DEBUG [main] cache:45 - TemplateLoader.findTemplateSource("index_en.ftl"): Not found
2023-04-08 19:14:15,254 DEBUG [main] cache:45 - TemplateLoader.findTemplateSource("index.ftl"): Found
2023-04-08 19:14:15,255 DEBUG [main] cache:45 - Loading template for "index.ftl"("en", UTF-8, parsed) from "jar:file:/C:/Users/PC/.m2/repository/com/aventstack/extentreports/3.1.2/extentreports-3.1.2.jar!/com/aventstack/extentreports/view/html-report/index.ftl"
2023-04-08 19:14:18,496 DEBUG [main] cache:45 - Couldn't find template in cache for "head.ftl"("en", UTF-8, parsed); will try to load it.
2023-04-08 19:14:18,500 DEBUG [main] cache:45 - TemplateLoader.findTemplateSource("head_en.ftl"): Not found
2023-04-08 19:14:18,505 DEBUG [main] cache:45 - TemplateLoader.findTemplateSource("head.ftl"): Found
2023-04-08 19:14:18,508 DEBUG [main] cache:45 - Loading template for "head.ftl"("en", UTF-8, parsed) from "jar:file:/C:/Users/PC/.m2/repository/com/aventstack/extentreports/3.1.2/extentreports-3.1.2.jar!/com/aventstack/extentreports/view/html-report/head.ftl"
2023-04-08 19:14:18,529 DEBUG [main] cache:45 - Couldn't find template in cache for "nav.ftl"("en", UTF-8, parsed); will try to load it.
2023-04-08 19:14:18,533 DEBUG [main] cache:45 - TemplateLoader.findTemplateSource("nav_en.ftl"): Not found
2023-04-08 19:14:18,538 DEBUG [main] cache:45 - TemplateLoader.findTemplateSource("nav.ftl"): Found
2023-04-08 19:14:18,540 DEBUG [main] cache:45 - Loading template for "nav.ftl"("en", UTF-8, parsed) from "jar:file:/C:/Users/PC/.m2/repository/com/aventstack/extentreports/3.1.2/extentreports-3.1.2.jar!/com/aventstack/extentreports/view/html-report/nav.ftl"
2023-04-08 19:14:18,565 DEBUG [main] cache:45 - Couldn't find template in cache for "test-view/test-view.ftl"("en", UTF-8, parsed); will try to load it.
2023-04-08 19:14:18,567 DEBUG [main] cache:45 - TemplateLoader.findTemplateSource("test-view/test-view_en.ftl"): Not found
2023-04-08 19:14:18,570 DEBUG [main] cache:45 - TemplateLoader.findTemplateSource("test-view/test-view.ftl"): Found
2023-04-08 19:14:18,570 DEBUG [main] cache:45 - Loading template for "test-view/test-view.ftl"("en", UTF-8, parsed) from "jar:file:/C:/Users/PC/.m2/repository/com/aventstack/extentreports/3.1.2/extentreports-3.1.2.jar!/com/aventstack/extentreports/view/html-report/test-view/test-view.ftl"
2023-04-08 19:14:18,593 DEBUG [main] cache:45 - Couldn't find template in cache for "test-view/test-view-charts.ftl"("en", UTF-8, parsed); will try to load it.
2023-04-08 19:14:18,595 DEBUG [main] cache:45 - TemplateLoader.findTemplateSource("test-view/test-view-charts_en.ftl"): Not found
2023-04-08 19:14:18,597 DEBUG [main] cache:45 - TemplateLoader.findTemplateSource("test-view/test-view-charts.ftl"): Found
2023-04-08 19:14:18,597 DEBUG [main] cache:45 - Loading template for "test-view/test-view-charts.ftl"("en", UTF-8, parsed) from "jar:file:/C:/Users/PC/.m2/repository/com/aventstack/extentreports/3.1.2/extentreports-3.1.2.jar!/com/aventstack/extentreports/view/html-report/test-view/test-view-charts.ftl"
2023-04-08 19:14:18,623 DEBUG [main] cache:45 - Couldn't find template in cache for "test-view/standard.ftl"("en", UTF-8, parsed); will try to load it.
2023-04-08 19:14:18,623 DEBUG [main] cache:45 - TemplateLoader.findTemplateSource("test-view/standard_en.ftl"): Not found
2023-04-08 19:14:18,624 DEBUG [main] cache:45 - TemplateLoader.findTemplateSource("test-view/standard.ftl"): Found
2023-04-08 19:14:18,625 DEBUG [main] cache:45 - Loading template for "test-view/standard.ftl"("en", UTF-8, parsed) from "jar:file:/C:/Users/PC/.m2/repository/com/aventstack/extentreports/3.1.2/extentreports-3.1.2.jar!/com/aventstack/extentreports/view/html-report/test-view/standard.ftl"
2023-04-08 19:14:18,651 DEBUG [main] cache:45 - "test-view/standard.ftl"("en", UTF-8, parsed) cached copy not yet stale; using cached.
2023-04-08 19:14:18,653 DEBUG [main] cache:45 - "test-view/standard.ftl"("en", UTF-8, parsed) cached copy not yet stale; using cached.
2023-04-08 19:14:18,655 DEBUG [main] cache:45 - "test-view/standard.ftl"("en", UTF-8, parsed) cached copy not yet stale; using cached.
2023-04-08 19:14:18,657 DEBUG [main] cache:45 - "test-view/standard.ftl"("en", UTF-8, parsed) cached copy not yet stale; using cached.
2023-04-08 19:14:18,659 DEBUG [main] cache:45 - "test-view/standard.ftl"("en", UTF-8, parsed) cached copy not yet stale; using cached.
2023-04-08 19:14:18,661 DEBUG [main] cache:45 - "test-view/standard.ftl"("en", UTF-8, parsed) cached copy not yet stale; using cached.
2023-04-08 19:14:18,663 DEBUG [main] cache:45 - "test-view/standard.ftl"("en", UTF-8, parsed) cached copy not yet stale; using cached.
2023-04-08 19:14:18,665 DEBUG [main] cache:45 - "test-view/standard.ftl"("en", UTF-8, parsed) cached copy not yet stale; using cached.
2023-04-08 19:14:18,667 DEBUG [main] cache:45 - "test-view/standard.ftl"("en", UTF-8, parsed) cached copy not yet stale; using cached.
2023-04-08 19:14:18,668 DEBUG [main] cache:45 - "test-view/standard.ftl"("en", UTF-8, parsed) cached copy not yet stale; using cached.
2023-04-08 19:14:18,670 DEBUG [main] cache:45 - "test-view/standard.ftl"("en", UTF-8, parsed) cached copy not yet stale; using cached.
2023-04-08 19:14:18,672 DEBUG [main] cache:45 - "test-view/standard.ftl"("en", UTF-8, parsed) cached copy not yet stale; using cached.
2023-04-08 19:14:18,674 DEBUG [main] cache:45 - "test-view/standard.ftl"("en", UTF-8, parsed) cached copy not yet stale; using cached.
2023-04-08 19:14:18,676 DEBUG [main] cache:45 - "test-view/standard.ftl"("en", UTF-8, parsed) cached copy not yet stale; using cached.
2023-04-08 19:14:18,678 DEBUG [main] cache:45 - "test-view/standard.ftl"("en", UTF-8, parsed) cached copy not yet stale; using cached.
2023-04-08 19:14:18,679 DEBUG [main] cache:45 - "test-view/standard.ftl"("en", UTF-8, parsed) cached copy not yet stale; using cached.
2023-04-08 19:14:18,681 DEBUG [main] cache:45 - Couldn't find template in cache for "category-view/category-view.ftl"("en", UTF-8, parsed); will try to load it.
2023-04-08 19:14:18,683 DEBUG [main] cache:45 - TemplateLoader.findTemplateSource("category-view/category-view_en.ftl"): Not found
2023-04-08 19:14:18,684 DEBUG [main] cache:45 - TemplateLoader.findTemplateSource("category-view/category-view.ftl"): Found
2023-04-08 19:14:18,684 DEBUG [main] cache:45 - Loading template for "category-view/category-view.ftl"("en", UTF-8, parsed) from "jar:file:/C:/Users/PC/.m2/repository/com/aventstack/extentreports/3.1.2/extentreports-3.1.2.jar!/com/aventstack/extentreports/view/html-report/category-view/category-view.ftl"
2023-04-08 19:14:18,691 DEBUG [main] cache:45 - Couldn't find template in cache for "author-view/author-view.ftl"("en", UTF-8, parsed); will try to load it.
2023-04-08 19:14:18,692 DEBUG [main] cache:45 - TemplateLoader.findTemplateSource("author-view/author-view_en.ftl"): Not found
2023-04-08 19:14:18,693 DEBUG [main] cache:45 - TemplateLoader.findTemplateSource("author-view/author-view.ftl"): Found
2023-04-08 19:14:18,694 DEBUG [main] cache:45 - Loading template for "author-view/author-view.ftl"("en", UTF-8, parsed) from "jar:file:/C:/Users/PC/.m2/repository/com/aventstack/extentreports/3.1.2/extentreports-3.1.2.jar!/com/aventstack/extentreports/view/html-report/author-view/author-view.ftl"
2023-04-08 19:14:18,700 DEBUG [main] cache:45 - Couldn't find template in cache for "exception-view/exception-view.ftl"("en", UTF-8, parsed); will try to load it.
2023-04-08 19:14:18,701 DEBUG [main] cache:45 - TemplateLoader.findTemplateSource("exception-view/exception-view_en.ftl"): Not found
2023-04-08 19:14:18,702 DEBUG [main] cache:45 - TemplateLoader.findTemplateSource("exception-view/exception-view.ftl"): Found
2023-04-08 19:14:18,702 DEBUG [main] cache:45 - Loading template for "exception-view/exception-view.ftl"("en", UTF-8, parsed) from "jar:file:/C:/Users/PC/.m2/repository/com/aventstack/extentreports/3.1.2/extentreports-3.1.2.jar!/com/aventstack/extentreports/view/html-report/exception-view/exception-view.ftl"
2023-04-08 19:14:18,708 DEBUG [main] cache:45 - Couldn't find template in cache for "dashboard-view/dashboard-view.ftl"("en", UTF-8, parsed); will try to load it.
2023-04-08 19:14:18,709 DEBUG [main] cache:45 - TemplateLoader.findTemplateSource("dashboard-view/dashboard-view_en.ftl"): Not found
2023-04-08 19:14:18,710 DEBUG [main] cache:45 - TemplateLoader.findTemplateSource("dashboard-view/dashboard-view.ftl"): Found
2023-04-08 19:14:18,712 DEBUG [main] cache:45 - Loading template for "dashboard-view/dashboard-view.ftl"("en", UTF-8, parsed) from "jar:file:/C:/Users/PC/.m2/repository/com/aventstack/extentreports/3.1.2/extentreports-3.1.2.jar!/com/aventstack/extentreports/view/html-report/dashboard-view/dashboard-view.ftl"
2023-04-08 19:14:18,760 DEBUG [main] cache:45 - Couldn't find template in cache for "logs-view/testrunner-logs-view.ftl"("en", UTF-8, parsed); will try to load it.
2023-04-08 19:14:18,761 DEBUG [main] cache:45 - TemplateLoader.findTemplateSource("logs-view/testrunner-logs-view_en.ftl"): Not found
2023-04-08 19:14:18,762 DEBUG [main] cache:45 - TemplateLoader.findTemplateSource("logs-view/testrunner-logs-view.ftl"): Found
2023-04-08 19:14:18,763 DEBUG [main] cache:45 - Loading template for "logs-view/testrunner-logs-view.ftl"("en", UTF-8, parsed) from "jar:file:/C:/Users/PC/.m2/repository/com/aventstack/extentreports/3.1.2/extentreports-3.1.2.jar!/com/aventstack/extentreports/view/html-report/logs-view/testrunner-logs-view.ftl"
2023-04-08 19:16:38,206  INFO [main] HealthCureProject:15 - Land on Home Page
2023-04-08 19:16:38,295  INFO [main] HealthCureProject:17 - Click On dropDown
2023-04-08 19:16:38,728  INFO [main] HealthCureProject:19 - Click on Profile
2023-04-08 19:16:38,787  INFO [main] HealthCureProject:21 - Verify Profile Page Page
2023-04-08 19:16:38,958  INFO [main] HealthCureProject:24 - Click on DropDown
2023-04-08 19:16:39,635  INFO [main] HealthCureProject:26 - Click on Logout
2023-04-08 19:17:14,921  INFO [main] HealthCureProject:50 - land On Login Page
2023-04-08 19:17:15,041  INFO [main] HealthCureProject:53 - Enter the Username as Admin
2023-04-08 19:17:15,153  INFO [main] HealthCureProject:55 - Enter the Password
2023-04-08 19:17:15,884  INFO [main] HealthCureProject:57 - Click login btn
2023-04-08 19:17:15,940  INFO [main] HealthCureProject:59 - verifying Invalid Credential
2023-04-08 19:17:16,280  INFO [main] HealthCureProject:50 - land On Login Page
2023-04-08 19:17:16,398  INFO [main] HealthCureProject:53 - Enter the Username as kira
2023-04-08 19:17:16,520  INFO [main] HealthCureProject:55 - Enter the Password
2023-04-08 19:17:17,220  INFO [main] HealthCureProject:57 - Click login btn
2023-04-08 19:17:17,283  INFO [main] HealthCureProject:59 - verifying Invalid Credential
2023-04-08 19:17:17,616  INFO [main] HealthCureProject:50 - land On Login Page
2023-04-08 19:17:17,730  INFO [main] HealthCureProject:53 - Enter the Username as Admin
2023-04-08 19:17:17,838  INFO [main] HealthCureProject:55 - Enter the Password
2023-04-08 19:17:18,509  INFO [main] HealthCureProject:57 - Click login btn
2023-04-08 19:17:18,551  INFO [main] HealthCureProject:59 - verifying Invalid Credential
2023-04-08 19:17:18,888  INFO [main] HealthCureProject:50 - land On Login Page
2023-04-08 19:17:19,002  INFO [main] HealthCureProject:53 - Enter the Username as Admin
2023-04-08 19:17:19,118  INFO [main] HealthCureProject:55 - Enter the Password
2023-04-08 19:17:20,659  INFO [main] HealthCureProject:57 - Click login btn
2023-04-08 19:17:20,725  INFO [main] HealthCureProject:59 - verifying Invalid Credential
2023-04-08 19:17:21,081  INFO [main] HealthCureProject:50 - land On Login Page
2023-04-08 19:17:21,222  INFO [main] HealthCureProject:53 - Enter the Username as prjwal@gmail.com
2023-04-08 19:17:21,333  INFO [main] HealthCureProject:55 - Enter the Password
2023-04-08 19:17:22,010  INFO [main] HealthCureProject:57 - Click login btn
2023-04-08 19:17:22,057  INFO [main] HealthCureProject:59 - verifying Invalid Credential
2023-04-08 19:17:22,391  INFO [main] HealthCureProject:50 - land On Login Page
2023-04-08 19:17:22,543  INFO [main] HealthCureProject:53 - Enter the Username as rama@gmail.com
2023-04-08 19:17:22,648  INFO [main] HealthCureProject:55 - Enter the Password
2023-04-08 19:17:23,333  INFO [main] HealthCureProject:57 - Click login btn
2023-04-08 19:17:23,375  INFO [main] HealthCureProject:59 - verifying Invalid Credential
2023-04-08 19:17:23,703  INFO [main] HealthCureProject:50 - land On Login Page
2023-04-08 19:17:23,836  INFO [main] HealthCureProject:53 - Enter the Username as Rama@123
2023-04-08 19:17:23,958  INFO [main] HealthCureProject:55 - Enter the Password
2023-04-08 19:17:24,685  INFO [main] HealthCureProject:57 - Click login btn
2023-04-08 19:17:24,747  INFO [main] HealthCureProject:59 - verifying Invalid Credential
2023-04-08 19:17:25,081  INFO [main] HealthCureProject:50 - land On Login Page
2023-04-08 19:17:25,203  INFO [main] HealthCureProject:53 - Enter the Username as kira@abc
2023-04-08 19:17:25,360  INFO [main] HealthCureProject:55 - Enter the Password
2023-04-08 19:17:26,035  INFO [main] HealthCureProject:57 - Click login btn
2023-04-08 19:17:26,085  INFO [main] HealthCureProject:59 - verifying Invalid Credential
2023-04-08 19:17:26,444  INFO [main] HealthCureProject:36 - land On Login Page
2023-04-08 19:17:26,569  INFO [main] HealthCureProject:39 - Enter the Username as John Doe
2023-04-08 19:17:26,702  INFO [main] HealthCureProject:41 - Enter the Password as ThisIsNotAPassword
2023-04-08 19:17:27,726  INFO [main] HealthCureProject:43 - Click login btn
2023-04-08 19:17:42,238 DEBUG [main] cache:45 - Couldn't find template in cache for "index.ftl"("en", UTF-8, parsed); will try to load it.
2023-04-08 19:17:42,246 DEBUG [main] cache:45 - TemplateLoader.findTemplateSource("index_en.ftl"): Not found
2023-04-08 19:17:42,260 DEBUG [main] cache:45 - TemplateLoader.findTemplateSource("index.ftl"): Found
2023-04-08 19:17:42,264 DEBUG [main] cache:45 - Loading template for "index.ftl"("en", UTF-8, parsed) from "jar:file:/C:/Users/PC/.m2/repository/com/aventstack/extentreports/3.1.2/extentreports-3.1.2.jar!/com/aventstack/extentreports/view/html-report/index.ftl"
2023-04-08 19:17:43,204 DEBUG [main] cache:45 - Couldn't find template in cache for "head.ftl"("en", UTF-8, parsed); will try to load it.
2023-04-08 19:17:43,206 DEBUG [main] cache:45 - TemplateLoader.findTemplateSource("head_en.ftl"): Not found
2023-04-08 19:17:43,213 DEBUG [main] cache:45 - TemplateLoader.findTemplateSource("head.ftl"): Found
2023-04-08 19:17:43,216 DEBUG [main] cache:45 - Loading template for "head.ftl"("en", UTF-8, parsed) from "jar:file:/C:/Users/PC/.m2/repository/com/aventstack/extentreports/3.1.2/extentreports-3.1.2.jar!/com/aventstack/extentreports/view/html-report/head.ftl"
2023-04-08 19:17:43,231 DEBUG [main] cache:45 - Couldn't find template in cache for "nav.ftl"("en", UTF-8, parsed); will try to load it.
2023-04-08 19:17:43,233 DEBUG [main] cache:45 - TemplateLoader.findTemplateSource("nav_en.ftl"): Not found
2023-04-08 19:17:43,235 DEBUG [main] cache:45 - TemplateLoader.findTemplateSource("nav.ftl"): Found
2023-04-08 19:17:43,236 DEBUG [main] cache:45 - Loading template for "nav.ftl"("en", UTF-8, parsed) from "jar:file:/C:/Users/PC/.m2/repository/com/aventstack/extentreports/3.1.2/extentreports-3.1.2.jar!/com/aventstack/extentreports/view/html-report/nav.ftl"
2023-04-08 19:17:43,254 DEBUG [main] cache:45 - Couldn't find template in cache for "test-view/test-view.ftl"("en", UTF-8, parsed); will try to load it.
2023-04-08 19:17:43,256 DEBUG [main] cache:45 - TemplateLoader.findTemplateSource("test-view/test-view_en.ftl"): Not found
2023-04-08 19:17:43,258 DEBUG [main] cache:45 - TemplateLoader.findTemplateSource("test-view/test-view.ftl"): Found
2023-04-08 19:17:43,261 DEBUG [main] cache:45 - Loading template for "test-view/test-view.ftl"("en", UTF-8, parsed) from "jar:file:/C:/Users/PC/.m2/repository/com/aventstack/extentreports/3.1.2/extentreports-3.1.2.jar!/com/aventstack/extentreports/view/html-report/test-view/test-view.ftl"
2023-04-08 19:17:43,300 DEBUG [main] cache:45 - Couldn't find template in cache for "test-view/test-view-charts.ftl"("en", UTF-8, parsed); will try to load it.
2023-04-08 19:17:43,306 DEBUG [main] cache:45 - TemplateLoader.findTemplateSource("test-view/test-view-charts_en.ftl"): Not found
2023-04-08 19:17:43,309 DEBUG [main] cache:45 - TemplateLoader.findTemplateSource("test-view/test-view-charts.ftl"): Found
2023-04-08 19:17:43,311 DEBUG [main] cache:45 - Loading template for "test-view/test-view-charts.ftl"("en", UTF-8, parsed) from "jar:file:/C:/Users/PC/.m2/repository/com/aventstack/extentreports/3.1.2/extentreports-3.1.2.jar!/com/aventstack/extentreports/view/html-report/test-view/test-view-charts.ftl"
2023-04-08 19:17:43,340 DEBUG [main] cache:45 - Couldn't find template in cache for "test-view/standard.ftl"("en", UTF-8, parsed); will try to load it.
2023-04-08 19:17:43,342 DEBUG [main] cache:45 - TemplateLoader.findTemplateSource("test-view/standard_en.ftl"): Not found
2023-04-08 19:17:43,344 DEBUG [main] cache:45 - TemplateLoader.findTemplateSource("test-view/standard.ftl"): Found
2023-04-08 19:17:43,345 DEBUG [main] cache:45 - Loading template for "test-view/standard.ftl"("en", UTF-8, parsed) from "jar:file:/C:/Users/PC/.m2/repository/com/aventstack/extentreports/3.1.2/extentreports-3.1.2.jar!/com/aventstack/extentreports/view/html-report/test-view/standard.ftl"
2023-04-08 19:17:43,383 DEBUG [main] cache:45 - "test-view/standard.ftl"("en", UTF-8, parsed) cached copy not yet stale; using cached.
2023-04-08 19:17:43,394 DEBUG [main] cache:45 - "test-view/standard.ftl"("en", UTF-8, parsed) cached copy not yet stale; using cached.
2023-04-08 19:17:43,403 DEBUG [main] cache:45 - "test-view/standard.ftl"("en", UTF-8, parsed) cached copy not yet stale; using cached.
2023-04-08 19:17:43,412 DEBUG [main] cache:45 - "test-view/standard.ftl"("en", UTF-8, parsed) cached copy not yet stale; using cached.
2023-04-08 19:17:43,419 DEBUG [main] cache:45 - "test-view/standard.ftl"("en", UTF-8, parsed) cached copy not yet stale; using cached.
2023-04-08 19:17:43,427 DEBUG [main] cache:45 - "test-view/standard.ftl"("en", UTF-8, parsed) cached copy not yet stale; using cached.
2023-04-08 19:17:43,432 DEBUG [main] cache:45 - "test-view/standard.ftl"("en", UTF-8, parsed) cached copy not yet stale; using cached.
2023-04-08 19:17:43,436 DEBUG [main] cache:45 - "test-view/standard.ftl"("en", UTF-8, parsed) cached copy not yet stale; using cached.
2023-04-08 19:17:43,442 DEBUG [main] cache:45 - "test-view/standard.ftl"("en", UTF-8, parsed) cached copy not yet stale; using cached.
2023-04-08 19:17:43,446 DEBUG [main] cache:45 - "test-view/standard.ftl"("en", UTF-8, parsed) cached copy not yet stale; using cached.
2023-04-08 19:17:43,450 DEBUG [main] cache:45 - "test-view/standard.ftl"("en", UTF-8, parsed) cached copy not yet stale; using cached.
2023-04-08 19:17:43,456 DEBUG [main] cache:45 - "test-view/standard.ftl"("en", UTF-8, parsed) cached copy not yet stale; using cached.
2023-04-08 19:17:43,462 DEBUG [main] cache:45 - "test-view/standard.ftl"("en", UTF-8, parsed) cached copy not yet stale; using cached.
2023-04-08 19:17:43,464 DEBUG [main] cache:45 - "test-view/standard.ftl"("en", UTF-8, parsed) cached copy not yet stale; using cached.
2023-04-08 19:17:43,469 DEBUG [main] cache:45 - "test-view/standard.ftl"("en", UTF-8, parsed) cached copy not yet stale; using cached.
2023-04-08 19:17:43,470 DEBUG [main] cache:45 - "test-view/standard.ftl"("en", UTF-8, parsed) cached copy not yet stale; using cached.
2023-04-08 19:17:43,476 DEBUG [main] cache:45 - Couldn't find template in cache for "category-view/category-view.ftl"("en", UTF-8, parsed); will try to load it.
2023-04-08 19:17:43,483 DEBUG [main] cache:45 - TemplateLoader.findTemplateSource("category-view/category-view_en.ftl"): Not found
2023-04-08 19:17:43,487 DEBUG [main] cache:45 - TemplateLoader.findTemplateSource("category-view/category-view.ftl"): Found
2023-04-08 19:17:43,495 DEBUG [main] cache:45 - Loading template for "category-view/category-view.ftl"("en", UTF-8, parsed) from "jar:file:/C:/Users/PC/.m2/repository/com/aventstack/extentreports/3.1.2/extentreports-3.1.2.jar!/com/aventstack/extentreports/view/html-report/category-view/category-view.ftl"
2023-04-08 19:17:43,514 DEBUG [main] cache:45 - Couldn't find template in cache for "author-view/author-view.ftl"("en", UTF-8, parsed); will try to load it.
2023-04-08 19:17:43,516 DEBUG [main] cache:45 - TemplateLoader.findTemplateSource("author-view/author-view_en.ftl"): Not found
2023-04-08 19:17:43,519 DEBUG [main] cache:45 - TemplateLoader.findTemplateSource("author-view/author-view.ftl"): Found
2023-04-08 19:17:43,520 DEBUG [main] cache:45 - Loading template for "author-view/author-view.ftl"("en", UTF-8, parsed) from "jar:file:/C:/Users/PC/.m2/repository/com/aventstack/extentreports/3.1.2/extentreports-3.1.2.jar!/com/aventstack/extentreports/view/html-report/author-view/author-view.ftl"
2023-04-08 19:17:43,542 DEBUG [main] cache:45 - Couldn't find template in cache for "exception-view/exception-view.ftl"("en", UTF-8, parsed); will try to load it.
2023-04-08 19:17:43,546 DEBUG [main] cache:45 - TemplateLoader.findTemplateSource("exception-view/exception-view_en.ftl"): Not found
2023-04-08 19:17:43,550 DEBUG [main] cache:45 - TemplateLoader.findTemplateSource("exception-view/exception-view.ftl"): Found
2023-04-08 19:17:43,554 DEBUG [main] cache:45 - Loading template for "exception-view/exception-view.ftl"("en", UTF-8, parsed) from "jar:file:/C:/Users/PC/.m2/repository/com/aventstack/extentreports/3.1.2/extentreports-3.1.2.jar!/com/aventstack/extentreports/view/html-report/exception-view/exception-view.ftl"
2023-04-08 19:17:43,565 DEBUG [main] cache:45 - Couldn't find template in cache for "dashboard-view/dashboard-view.ftl"("en", UTF-8, parsed); will try to load it.
2023-04-08 19:17:43,567 DEBUG [main] cache:45 - TemplateLoader.findTemplateSource("dashboard-view/dashboard-view_en.ftl"): Not found
2023-04-08 19:17:43,568 DEBUG [main] cache:45 - TemplateLoader.findTemplateSource("dashboard-view/dashboard-view.ftl"): Found
2023-04-08 19:17:43,569 DEBUG [main] cache:45 - Loading template for "dashboard-view/dashboard-view.ftl"("en", UTF-8, parsed) from "jar:file:/C:/Users/PC/.m2/repository/com/aventstack/extentreports/3.1.2/extentreports-3.1.2.jar!/com/aventstack/extentreports/view/html-report/dashboard-view/dashboard-view.ftl"
2023-04-08 19:17:43,597 DEBUG [main] cache:45 - Couldn't find template in cache for "logs-view/testrunner-logs-view.ftl"("en", UTF-8, parsed); will try to load it.
2023-04-08 19:17:43,600 DEBUG [main] cache:45 - TemplateLoader.findTemplateSource("logs-view/testrunner-logs-view_en.ftl"): Not found
2023-04-08 19:17:43,602 DEBUG [main] cache:45 - TemplateLoader.findTemplateSource("logs-view/testrunner-logs-view.ftl"): Found
2023-04-08 19:17:43,606 DEBUG [main] cache:45 - Loading template for "logs-view/testrunner-logs-view.ftl"("en", UTF-8, parsed) from "jar:file:/C:/Users/PC/.m2/repository/com/aventstack/extentreports/3.1.2/extentreports-3.1.2.jar!/com/aventstack/extentreports/view/html-report/logs-view/testrunner-logs-view.ftl"
2023-04-09 18:15:02,667  INFO [main] HealthCureProject:15 - Land on Home Page
2023-04-09 18:15:02,849  INFO [main] HealthCureProject:17 - Click On dropDown
2023-04-09 18:15:03,362  INFO [main] HealthCureProject:19 - Click on Profile
2023-04-09 18:15:03,453  INFO [main] HealthCureProject:21 - Verify Profile Page Page
2023-04-09 18:15:03,548  INFO [main] HealthCureProject:24 - Click on DropDown
2023-04-09 18:15:04,276  INFO [main] HealthCureProject:26 - Click on Logout
2023-04-09 18:15:43,265  INFO [main] HealthCureProject:50 - land On Login Page
2023-04-09 18:15:43,474  INFO [main] HealthCureProject:53 - Enter the Username as Admin
2023-04-09 18:15:43,635  INFO [main] HealthCureProject:55 - Enter the Password
2023-04-09 18:15:44,545  INFO [main] HealthCureProject:57 - Click login btn
2023-04-09 18:15:44,630  INFO [main] HealthCureProject:59 - verifying Invalid Credential
2023-04-09 18:15:45,288  INFO [main] HealthCureProject:50 - land On Login Page
2023-04-09 18:15:45,508  INFO [main] HealthCureProject:53 - Enter the Username as kira
2023-04-09 18:15:45,639  INFO [main] HealthCureProject:55 - Enter the Password
2023-04-09 18:15:47,553  INFO [main] HealthCureProject:57 - Click login btn
2023-04-09 18:15:47,601  INFO [main] HealthCureProject:59 - verifying Invalid Credential
2023-04-09 18:15:47,958  INFO [main] HealthCureProject:50 - land On Login Page
2023-04-09 18:15:48,203  INFO [main] HealthCureProject:53 - Enter the Username as Admin
2023-04-09 18:15:48,357  INFO [main] HealthCureProject:55 - Enter the Password
2023-04-09 18:15:49,159  INFO [main] HealthCureProject:57 - Click login btn
2023-04-09 18:15:49,266  INFO [main] HealthCureProject:59 - verifying Invalid Credential
2023-04-09 18:15:49,731  INFO [main] HealthCureProject:50 - land On Login Page
2023-04-09 18:15:49,925  INFO [main] HealthCureProject:53 - Enter the Username as Admin
2023-04-09 18:15:50,164  INFO [main] HealthCureProject:55 - Enter the Password
2023-04-09 18:15:51,897  INFO [main] HealthCureProject:57 - Click login btn
2023-04-09 18:15:52,014  INFO [main] HealthCureProject:59 - verifying Invalid Credential
2023-04-09 18:15:53,898  INFO [main] HealthCureProject:50 - land On Login Page
2023-04-09 18:15:54,059  INFO [main] HealthCureProject:53 - Enter the Username as prjwal@gmail.com
2023-04-09 18:15:54,189  INFO [main] HealthCureProject:55 - Enter the Password
2023-04-09 18:15:55,104  INFO [main] HealthCureProject:57 - Click login btn
2023-04-09 18:15:55,195  INFO [main] HealthCureProject:59 - verifying Invalid Credential
2023-04-09 18:15:55,705  INFO [main] HealthCureProject:50 - land On Login Page
2023-04-09 18:15:55,919  INFO [main] HealthCureProject:53 - Enter the Username as rama@gmail.com
2023-04-09 18:15:56,046  INFO [main] HealthCureProject:55 - Enter the Password
2023-04-09 18:15:56,956  INFO [main] HealthCureProject:57 - Click login btn
2023-04-09 18:15:57,035  INFO [main] HealthCureProject:59 - verifying Invalid Credential
2023-04-09 18:15:57,555  INFO [main] HealthCureProject:50 - land On Login Page
2023-04-09 18:15:57,715  INFO [main] HealthCureProject:53 - Enter the Username as Rama@123
2023-04-09 18:15:57,886  INFO [main] HealthCureProject:55 - Enter the Password
2023-04-09 18:15:58,739  INFO [main] HealthCureProject:57 - Click login btn
2023-04-09 18:15:58,838  INFO [main] HealthCureProject:59 - verifying Invalid Credential
2023-04-09 18:15:59,308  INFO [main] HealthCureProject:50 - land On Login Page
2023-04-09 18:15:59,476  INFO [main] HealthCureProject:53 - Enter the Username as kira@abc
2023-04-09 18:15:59,607  INFO [main] HealthCureProject:55 - Enter the Password
2023-04-09 18:16:00,521  INFO [main] HealthCureProject:57 - Click login btn
2023-04-09 18:16:00,621  INFO [main] HealthCureProject:59 - verifying Invalid Credential
2023-04-09 18:16:01,104  INFO [main] HealthCureProject:36 - land On Login Page
2023-04-09 18:16:01,299  INFO [main] HealthCureProject:39 - Enter the Username as John Doe
2023-04-09 18:16:01,471  INFO [main] HealthCureProject:41 - Enter the Password as ThisIsNotAPassword
2023-04-09 18:16:02,301  INFO [main] HealthCureProject:43 - Click login btn
2023-04-09 18:16:14,162 DEBUG [main] cache:45 - Couldn't find template in cache for "index.ftl"("en", UTF-8, parsed); will try to load it.
2023-04-09 18:16:14,164 DEBUG [main] cache:45 - TemplateLoader.findTemplateSource("index_en.ftl"): Not found
2023-04-09 18:16:14,168 DEBUG [main] cache:45 - TemplateLoader.findTemplateSource("index.ftl"): Found
2023-04-09 18:16:14,170 DEBUG [main] cache:45 - Loading template for "index.ftl"("en", UTF-8, parsed) from "jar:file:/C:/Users/PC/.m2/repository/com/aventstack/extentreports/3.1.2/extentreports-3.1.2.jar!/com/aventstack/extentreports/view/html-report/index.ftl"
2023-04-09 18:16:15,553 DEBUG [main] cache:45 - Couldn't find template in cache for "head.ftl"("en", UTF-8, parsed); will try to load it.
2023-04-09 18:16:15,554 DEBUG [main] cache:45 - TemplateLoader.findTemplateSource("head_en.ftl"): Not found
2023-04-09 18:16:15,555 DEBUG [main] cache:45 - TemplateLoader.findTemplateSource("head.ftl"): Found
2023-04-09 18:16:15,556 DEBUG [main] cache:45 - Loading template for "head.ftl"("en", UTF-8, parsed) from "jar:file:/C:/Users/PC/.m2/repository/com/aventstack/extentreports/3.1.2/extentreports-3.1.2.jar!/com/aventstack/extentreports/view/html-report/head.ftl"
2023-04-09 18:16:15,561 DEBUG [main] cache:45 - Couldn't find template in cache for "nav.ftl"("en", UTF-8, parsed); will try to load it.
2023-04-09 18:16:15,563 DEBUG [main] cache:45 - TemplateLoader.findTemplateSource("nav_en.ftl"): Not found
2023-04-09 18:16:15,564 DEBUG [main] cache:45 - TemplateLoader.findTemplateSource("nav.ftl"): Found
2023-04-09 18:16:15,565 DEBUG [main] cache:45 - Loading template for "nav.ftl"("en", UTF-8, parsed) from "jar:file:/C:/Users/PC/.m2/repository/com/aventstack/extentreports/3.1.2/extentreports-3.1.2.jar!/com/aventstack/extentreports/view/html-report/nav.ftl"
2023-04-09 18:16:15,581 DEBUG [main] cache:45 - Couldn't find template in cache for "test-view/test-view.ftl"("en", UTF-8, parsed); will try to load it.
2023-04-09 18:16:15,583 DEBUG [main] cache:45 - TemplateLoader.findTemplateSource("test-view/test-view_en.ftl"): Not found
2023-04-09 18:16:15,587 DEBUG [main] cache:45 - TemplateLoader.findTemplateSource("test-view/test-view.ftl"): Found
2023-04-09 18:16:15,588 DEBUG [main] cache:45 - Loading template for "test-view/test-view.ftl"("en", UTF-8, parsed) from "jar:file:/C:/Users/PC/.m2/repository/com/aventstack/extentreports/3.1.2/extentreports-3.1.2.jar!/com/aventstack/extentreports/view/html-report/test-view/test-view.ftl"
2023-04-09 18:16:15,608 DEBUG [main] cache:45 - Couldn't find template in cache for "test-view/test-view-charts.ftl"("en", UTF-8, parsed); will try to load it.
2023-04-09 18:16:15,609 DEBUG [main] cache:45 - TemplateLoader.findTemplateSource("test-view/test-view-charts_en.ftl"): Not found
2023-04-09 18:16:15,613 DEBUG [main] cache:45 - TemplateLoader.findTemplateSource("test-view/test-view-charts.ftl"): Found
2023-04-09 18:16:15,614 DEBUG [main] cache:45 - Loading template for "test-view/test-view-charts.ftl"("en", UTF-8, parsed) from "jar:file:/C:/Users/PC/.m2/repository/com/aventstack/extentreports/3.1.2/extentreports-3.1.2.jar!/com/aventstack/extentreports/view/html-report/test-view/test-view-charts.ftl"
2023-04-09 18:16:15,666 DEBUG [main] cache:45 - Couldn't find template in cache for "test-view/standard.ftl"("en", UTF-8, parsed); will try to load it.
2023-04-09 18:16:15,668 DEBUG [main] cache:45 - TemplateLoader.findTemplateSource("test-view/standard_en.ftl"): Not found
2023-04-09 18:16:15,669 DEBUG [main] cache:45 - TemplateLoader.findTemplateSource("test-view/standard.ftl"): Found
2023-04-09 18:16:15,670 DEBUG [main] cache:45 - Loading template for "test-view/standard.ftl"("en", UTF-8, parsed) from "jar:file:/C:/Users/PC/.m2/repository/com/aventstack/extentreports/3.1.2/extentreports-3.1.2.jar!/com/aventstack/extentreports/view/html-report/test-view/standard.ftl"
2023-04-09 18:16:15,730 DEBUG [main] cache:45 - "test-view/standard.ftl"("en", UTF-8, parsed) cached copy not yet stale; using cached.
2023-04-09 18:16:15,734 DEBUG [main] cache:45 - "test-view/standard.ftl"("en", UTF-8, parsed) cached copy not yet stale; using cached.
2023-04-09 18:16:15,737 DEBUG [main] cache:45 - "test-view/standard.ftl"("en", UTF-8, parsed) cached copy not yet stale; using cached.
2023-04-09 18:16:15,738 DEBUG [main] cache:45 - "test-view/standard.ftl"("en", UTF-8, parsed) cached copy not yet stale; using cached.
2023-04-09 18:16:15,754 DEBUG [main] cache:45 - "test-view/standard.ftl"("en", UTF-8, parsed) cached copy not yet stale; using cached.
2023-04-09 18:16:15,763 DEBUG [main] cache:45 - "test-view/standard.ftl"("en", UTF-8, parsed) cached copy not yet stale; using cached.
2023-04-09 18:16:15,769 DEBUG [main] cache:45 - "test-view/standard.ftl"("en", UTF-8, parsed) cached copy not yet stale; using cached.
2023-04-09 18:16:15,775 DEBUG [main] cache:45 - "test-view/standard.ftl"("en", UTF-8, parsed) cached copy not yet stale; using cached.
2023-04-09 18:16:15,782 DEBUG [main] cache:45 - "test-view/standard.ftl"("en", UTF-8, parsed) cached copy not yet stale; using cached.
2023-04-09 18:16:15,784 DEBUG [main] cache:45 - "test-view/standard.ftl"("en", UTF-8, parsed) cached copy not yet stale; using cached.
2023-04-09 18:16:15,788 DEBUG [main] cache:45 - "test-view/standard.ftl"("en", UTF-8, parsed) cached copy not yet stale; using cached.
2023-04-09 18:16:15,791 DEBUG [main] cache:45 - "test-view/standard.ftl"("en", UTF-8, parsed) cached copy not yet stale; using cached.
2023-04-09 18:16:15,792 DEBUG [main] cache:45 - "test-view/standard.ftl"("en", UTF-8, parsed) cached copy not yet stale; using cached.
2023-04-09 18:16:15,795 DEBUG [main] cache:45 - "test-view/standard.ftl"("en", UTF-8, parsed) cached copy not yet stale; using cached.
2023-04-09 18:16:15,798 DEBUG [main] cache:45 - "test-view/standard.ftl"("en", UTF-8, parsed) cached copy not yet stale; using cached.
2023-04-09 18:16:15,800 DEBUG [main] cache:45 - "test-view/standard.ftl"("en", UTF-8, parsed) cached copy not yet stale; using cached.
2023-04-09 18:16:15,801 DEBUG [main] cache:45 - Couldn't find template in cache for "category-view/category-view.ftl"("en", UTF-8, parsed); will try to load it.
2023-04-09 18:16:15,803 DEBUG [main] cache:45 - TemplateLoader.findTemplateSource("category-view/category-view_en.ftl"): Not found
2023-04-09 18:16:15,808 DEBUG [main] cache:45 - TemplateLoader.findTemplateSource("category-view/category-view.ftl"): Found
2023-04-09 18:16:15,811 DEBUG [main] cache:45 - Loading template for "category-view/category-view.ftl"("en", UTF-8, parsed) from "jar:file:/C:/Users/PC/.m2/repository/com/aventstack/extentreports/3.1.2/extentreports-3.1.2.jar!/com/aventstack/extentreports/view/html-report/category-view/category-view.ftl"
2023-04-09 18:16:15,836 DEBUG [main] cache:45 - Couldn't find template in cache for "author-view/author-view.ftl"("en", UTF-8, parsed); will try to load it.
2023-04-09 18:16:15,837 DEBUG [main] cache:45 - TemplateLoader.findTemplateSource("author-view/author-view_en.ftl"): Not found
2023-04-09 18:16:15,838 DEBUG [main] cache:45 - TemplateLoader.findTemplateSource("author-view/author-view.ftl"): Found
2023-04-09 18:16:15,839 DEBUG [main] cache:45 - Loading template for "author-view/author-view.ftl"("en", UTF-8, parsed) from "jar:file:/C:/Users/PC/.m2/repository/com/aventstack/extentreports/3.1.2/extentreports-3.1.2.jar!/com/aventstack/extentreports/view/html-report/author-view/author-view.ftl"
2023-04-09 18:16:15,848 DEBUG [main] cache:45 - Couldn't find template in cache for "exception-view/exception-view.ftl"("en", UTF-8, parsed); will try to load it.
2023-04-09 18:16:15,849 DEBUG [main] cache:45 - TemplateLoader.findTemplateSource("exception-view/exception-view_en.ftl"): Not found
2023-04-09 18:16:15,851 DEBUG [main] cache:45 - TemplateLoader.findTemplateSource("exception-view/exception-view.ftl"): Found
2023-04-09 18:16:15,852 DEBUG [main] cache:45 - Loading template for "exception-view/exception-view.ftl"("en", UTF-8, parsed) from "jar:file:/C:/Users/PC/.m2/repository/com/aventstack/extentreports/3.1.2/extentreports-3.1.2.jar!/com/aventstack/extentreports/view/html-report/exception-view/exception-view.ftl"
2023-04-09 18:16:15,859 DEBUG [main] cache:45 - Couldn't find template in cache for "dashboard-view/dashboard-view.ftl"("en", UTF-8, parsed); will try to load it.
2023-04-09 18:16:15,861 DEBUG [main] cache:45 - TemplateLoader.findTemplateSource("dashboard-view/dashboard-view_en.ftl"): Not found
2023-04-09 18:16:15,862 DEBUG [main] cache:45 - TemplateLoader.findTemplateSource("dashboard-view/dashboard-view.ftl"): Found
2023-04-09 18:16:15,863 DEBUG [main] cache:45 - Loading template for "dashboard-view/dashboard-view.ftl"("en", UTF-8, parsed) from "jar:file:/C:/Users/PC/.m2/repository/com/aventstack/extentreports/3.1.2/extentreports-3.1.2.jar!/com/aventstack/extentreports/view/html-report/dashboard-view/dashboard-view.ftl"
2023-04-09 18:16:15,962 DEBUG [main] cache:45 - Couldn't find template in cache for "logs-view/testrunner-logs-view.ftl"("en", UTF-8, parsed); will try to load it.
2023-04-09 18:16:15,963 DEBUG [main] cache:45 - TemplateLoader.findTemplateSource("logs-view/testrunner-logs-view_en.ftl"): Not found
2023-04-09 18:16:15,965 DEBUG [main] cache:45 - TemplateLoader.findTemplateSource("logs-view/testrunner-logs-view.ftl"): Found
2023-04-09 18:16:15,967 DEBUG [main] cache:45 - Loading template for "logs-view/testrunner-logs-view.ftl"("en", UTF-8, parsed) from "jar:file:/C:/Users/PC/.m2/repository/com/aventstack/extentreports/3.1.2/extentreports-3.1.2.jar!/com/aventstack/extentreports/view/html-report/logs-view/testrunner-logs-view.ftl"
2023-04-09 18:16:54,294  INFO [main] HealthCureProject:15 - Land on Home Page
2023-04-09 18:16:54,404  INFO [main] HealthCureProject:17 - Click On dropDown
2023-04-09 18:16:54,837  INFO [main] HealthCureProject:19 - Click on Profile
2023-04-09 18:16:54,897  INFO [main] HealthCureProject:21 - Verify Profile Page Page
2023-04-09 18:16:55,001  INFO [main] HealthCureProject:24 - Click on DropDown
2023-04-09 18:16:55,695  INFO [main] HealthCureProject:26 - Click on Logout
2023-04-09 18:17:28,453  INFO [main] HealthCureProject:50 - land On Login Page
2023-04-09 18:17:28,579  INFO [main] HealthCureProject:53 - Enter the Username as Admin
2023-04-09 18:17:28,702  INFO [main] HealthCureProject:55 - Enter the Password
2023-04-09 18:17:29,400  INFO [main] HealthCureProject:57 - Click login btn
2023-04-09 18:17:29,516  INFO [main] HealthCureProject:59 - verifying Invalid Credential
2023-04-09 18:17:29,852  INFO [main] HealthCureProject:50 - land On Login Page
2023-04-09 18:17:29,981  INFO [main] HealthCureProject:53 - Enter the Username as kira
2023-04-09 18:17:30,095  INFO [main] HealthCureProject:55 - Enter the Password
2023-04-09 18:17:30,799  INFO [main] HealthCureProject:57 - Click login btn
2023-04-09 18:17:30,851  INFO [main] HealthCureProject:59 - verifying Invalid Credential
2023-04-09 18:17:31,193  INFO [main] HealthCureProject:50 - land On Login Page
2023-04-09 18:17:31,317  INFO [main] HealthCureProject:53 - Enter the Username as Admin
2023-04-09 18:17:31,444  INFO [main] HealthCureProject:55 - Enter the Password
2023-04-09 18:17:32,137  INFO [main] HealthCureProject:57 - Click login btn
2023-04-09 18:17:32,192  INFO [main] HealthCureProject:59 - verifying Invalid Credential
2023-04-09 18:17:32,548  INFO [main] HealthCureProject:50 - land On Login Page
2023-04-09 18:17:32,663  INFO [main] HealthCureProject:53 - Enter the Username as Admin
2023-04-09 18:17:32,783  INFO [main] HealthCureProject:55 - Enter the Password
2023-04-09 18:17:33,481  INFO [main] HealthCureProject:57 - Click login btn
2023-04-09 18:17:33,531  INFO [main] HealthCureProject:59 - verifying Invalid Credential
2023-04-09 18:17:33,874  INFO [main] HealthCureProject:50 - land On Login Page
2023-04-09 18:17:34,041  INFO [main] HealthCureProject:53 - Enter the Username as prjwal@gmail.com
2023-04-09 18:17:34,159  INFO [main] HealthCureProject:55 - Enter the Password
2023-04-09 18:17:35,667  INFO [main] HealthCureProject:57 - Click login btn
2023-04-09 18:17:35,727  INFO [main] HealthCureProject:59 - verifying Invalid Credential
2023-04-09 18:17:36,081  INFO [main] HealthCureProject:50 - land On Login Page
2023-04-09 18:17:36,251  INFO [main] HealthCureProject:53 - Enter the Username as rama@gmail.com
2023-04-09 18:17:36,366  INFO [main] HealthCureProject:55 - Enter the Password
2023-04-09 18:17:37,128  INFO [main] HealthCureProject:57 - Click login btn
2023-04-09 18:17:37,178  INFO [main] HealthCureProject:59 - verifying Invalid Credential
2023-04-09 18:17:37,550  INFO [main] HealthCureProject:50 - land On Login Page
2023-04-09 18:17:37,671  INFO [main] HealthCureProject:53 - Enter the Username as Rama@123
2023-04-09 18:17:37,784  INFO [main] HealthCureProject:55 - Enter the Password
2023-04-09 18:17:38,466  INFO [main] HealthCureProject:57 - Click login btn
2023-04-09 18:17:38,519  INFO [main] HealthCureProject:59 - verifying Invalid Credential
2023-04-09 18:17:38,867  INFO [main] HealthCureProject:50 - land On Login Page
2023-04-09 18:17:39,017  INFO [main] HealthCureProject:53 - Enter the Username as kira@abc
2023-04-09 18:17:39,302  INFO [main] HealthCureProject:55 - Enter the Password
2023-04-09 18:17:40,765  INFO [main] HealthCureProject:57 - Click login btn
2023-04-09 18:17:40,824  INFO [main] HealthCureProject:59 - verifying Invalid Credential
2023-04-09 18:17:41,154  INFO [main] HealthCureProject:36 - land On Login Page
2023-04-09 18:17:41,288  INFO [main] HealthCureProject:39 - Enter the Username as John Doe
2023-04-09 18:17:41,464  INFO [main] HealthCureProject:41 - Enter the Password as ThisIsNotAPassword
2023-04-09 18:17:42,171  INFO [main] HealthCureProject:43 - Click login btn
2023-04-09 18:17:43,300 DEBUG [main] cache:45 - Couldn't find template in cache for "index.ftl"("en", UTF-8, parsed); will try to load it.
2023-04-09 18:17:43,302 DEBUG [main] cache:45 - TemplateLoader.findTemplateSource("index_en.ftl"): Not found
2023-04-09 18:17:43,305 DEBUG [main] cache:45 - TemplateLoader.findTemplateSource("index.ftl"): Found
2023-04-09 18:17:43,306 DEBUG [main] cache:45 - Loading template for "index.ftl"("en", UTF-8, parsed) from "jar:file:/C:/Users/PC/.m2/repository/com/aventstack/extentreports/3.1.2/extentreports-3.1.2.jar!/com/aventstack/extentreports/view/html-report/index.ftl"
2023-04-09 18:17:43,933 DEBUG [main] cache:45 - Couldn't find template in cache for "head.ftl"("en", UTF-8, parsed); will try to load it.
2023-04-09 18:17:43,934 DEBUG [main] cache:45 - TemplateLoader.findTemplateSource("head_en.ftl"): Not found
2023-04-09 18:17:43,935 DEBUG [main] cache:45 - TemplateLoader.findTemplateSource("head.ftl"): Found
2023-04-09 18:17:43,936 DEBUG [main] cache:45 - Loading template for "head.ftl"("en", UTF-8, parsed) from "jar:file:/C:/Users/PC/.m2/repository/com/aventstack/extentreports/3.1.2/extentreports-3.1.2.jar!/com/aventstack/extentreports/view/html-report/head.ftl"
2023-04-09 18:17:43,943 DEBUG [main] cache:45 - Couldn't find template in cache for "nav.ftl"("en", UTF-8, parsed); will try to load it.
2023-04-09 18:17:43,945 DEBUG [main] cache:45 - TemplateLoader.findTemplateSource("nav_en.ftl"): Not found
2023-04-09 18:17:43,946 DEBUG [main] cache:45 - TemplateLoader.findTemplateSource("nav.ftl"): Found
2023-04-09 18:17:43,948 DEBUG [main] cache:45 - Loading template for "nav.ftl"("en", UTF-8, parsed) from "jar:file:/C:/Users/PC/.m2/repository/com/aventstack/extentreports/3.1.2/extentreports-3.1.2.jar!/com/aventstack/extentreports/view/html-report/nav.ftl"
2023-04-09 18:17:43,967 DEBUG [main] cache:45 - Couldn't find template in cache for "test-view/test-view.ftl"("en", UTF-8, parsed); will try to load it.
2023-04-09 18:17:43,969 DEBUG [main] cache:45 - TemplateLoader.findTemplateSource("test-view/test-view_en.ftl"): Not found
2023-04-09 18:17:43,972 DEBUG [main] cache:45 - TemplateLoader.findTemplateSource("test-view/test-view.ftl"): Found
2023-04-09 18:17:43,974 DEBUG [main] cache:45 - Loading template for "test-view/test-view.ftl"("en", UTF-8, parsed) from "jar:file:/C:/Users/PC/.m2/repository/com/aventstack/extentreports/3.1.2/extentreports-3.1.2.jar!/com/aventstack/extentreports/view/html-report/test-view/test-view.ftl"
2023-04-09 18:17:43,998 DEBUG [main] cache:45 - Couldn't find template in cache for "test-view/test-view-charts.ftl"("en", UTF-8, parsed); will try to load it.
2023-04-09 18:17:44,005 DEBUG [main] cache:45 - TemplateLoader.findTemplateSource("test-view/test-view-charts_en.ftl"): Not found
2023-04-09 18:17:44,006 DEBUG [main] cache:45 - TemplateLoader.findTemplateSource("test-view/test-view-charts.ftl"): Found
2023-04-09 18:17:44,007 DEBUG [main] cache:45 - Loading template for "test-view/test-view-charts.ftl"("en", UTF-8, parsed) from "jar:file:/C:/Users/PC/.m2/repository/com/aventstack/extentreports/3.1.2/extentreports-3.1.2.jar!/com/aventstack/extentreports/view/html-report/test-view/test-view-charts.ftl"
2023-04-09 18:17:44,055 DEBUG [main] cache:45 - Couldn't find template in cache for "test-view/standard.ftl"("en", UTF-8, parsed); will try to load it.
2023-04-09 18:17:44,057 DEBUG [main] cache:45 - TemplateLoader.findTemplateSource("test-view/standard_en.ftl"): Not found
2023-04-09 18:17:44,064 DEBUG [main] cache:45 - TemplateLoader.findTemplateSource("test-view/standard.ftl"): Found
2023-04-09 18:17:44,066 DEBUG [main] cache:45 - Loading template for "test-view/standard.ftl"("en", UTF-8, parsed) from "jar:file:/C:/Users/PC/.m2/repository/com/aventstack/extentreports/3.1.2/extentreports-3.1.2.jar!/com/aventstack/extentreports/view/html-report/test-view/standard.ftl"
2023-04-09 18:17:44,142 DEBUG [main] cache:45 - "test-view/standard.ftl"("en", UTF-8, parsed) cached copy not yet stale; using cached.
2023-04-09 18:17:44,155 DEBUG [main] cache:45 - "test-view/standard.ftl"("en", UTF-8, parsed) cached copy not yet stale; using cached.
2023-04-09 18:17:44,159 DEBUG [main] cache:45 - "test-view/standard.ftl"("en", UTF-8, parsed) cached copy not yet stale; using cached.
2023-04-09 18:17:44,168 DEBUG [main] cache:45 - "test-view/standard.ftl"("en", UTF-8, parsed) cached copy not yet stale; using cached.
2023-04-09 18:17:44,173 DEBUG [main] cache:45 - "test-view/standard.ftl"("en", UTF-8, parsed) cached copy not yet stale; using cached.
2023-04-09 18:17:44,179 DEBUG [main] cache:45 - "test-view/standard.ftl"("en", UTF-8, parsed) cached copy not yet stale; using cached.
2023-04-09 18:17:44,184 DEBUG [main] cache:45 - "test-view/standard.ftl"("en", UTF-8, parsed) cached copy not yet stale; using cached.
2023-04-09 18:17:44,187 DEBUG [main] cache:45 - "test-view/standard.ftl"("en", UTF-8, parsed) cached copy not yet stale; using cached.
2023-04-09 18:17:44,190 DEBUG [main] cache:45 - "test-view/standard.ftl"("en", UTF-8, parsed) cached copy not yet stale; using cached.
2023-04-09 18:17:44,196 DEBUG [main] cache:45 - "test-view/standard.ftl"("en", UTF-8, parsed) cached copy not yet stale; using cached.
2023-04-09 18:17:44,202 DEBUG [main] cache:45 - "test-view/standard.ftl"("en", UTF-8, parsed) cached copy not yet stale; using cached.
2023-04-09 18:17:44,205 DEBUG [main] cache:45 - "test-view/standard.ftl"("en", UTF-8, parsed) cached copy not yet stale; using cached.
2023-04-09 18:17:44,207 DEBUG [main] cache:45 - "test-view/standard.ftl"("en", UTF-8, parsed) cached copy not yet stale; using cached.
2023-04-09 18:17:44,209 DEBUG [main] cache:45 - "test-view/standard.ftl"("en", UTF-8, parsed) cached copy not yet stale; using cached.
2023-04-09 18:17:44,218 DEBUG [main] cache:45 - "test-view/standard.ftl"("en", UTF-8, parsed) cached copy not yet stale; using cached.
2023-04-09 18:17:44,221 DEBUG [main] cache:45 - "test-view/standard.ftl"("en", UTF-8, parsed) cached copy not yet stale; using cached.
2023-04-09 18:17:44,222 DEBUG [main] cache:45 - Couldn't find template in cache for "category-view/category-view.ftl"("en", UTF-8, parsed); will try to load it.
2023-04-09 18:17:44,233 DEBUG [main] cache:45 - TemplateLoader.findTemplateSource("category-view/category-view_en.ftl"): Not found
2023-04-09 18:17:44,239 DEBUG [main] cache:45 - TemplateLoader.findTemplateSource("category-view/category-view.ftl"): Found
2023-04-09 18:17:44,240 DEBUG [main] cache:45 - Loading template for "category-view/category-view.ftl"("en", UTF-8, parsed) from "jar:file:/C:/Users/PC/.m2/repository/com/aventstack/extentreports/3.1.2/extentreports-3.1.2.jar!/com/aventstack/extentreports/view/html-report/category-view/category-view.ftl"
2023-04-09 18:17:44,256 DEBUG [main] cache:45 - Couldn't find template in cache for "author-view/author-view.ftl"("en", UTF-8, parsed); will try to load it.
2023-04-09 18:17:44,260 DEBUG [main] cache:45 - TemplateLoader.findTemplateSource("author-view/author-view_en.ftl"): Not found
2023-04-09 18:17:44,263 DEBUG [main] cache:45 - TemplateLoader.findTemplateSource("author-view/author-view.ftl"): Found
2023-04-09 18:17:44,265 DEBUG [main] cache:45 - Loading template for "author-view/author-view.ftl"("en", UTF-8, parsed) from "jar:file:/C:/Users/PC/.m2/repository/com/aventstack/extentreports/3.1.2/extentreports-3.1.2.jar!/com/aventstack/extentreports/view/html-report/author-view/author-view.ftl"
2023-04-09 18:17:44,283 DEBUG [main] cache:45 - Couldn't find template in cache for "exception-view/exception-view.ftl"("en", UTF-8, parsed); will try to load it.
2023-04-09 18:17:44,290 DEBUG [main] cache:45 - TemplateLoader.findTemplateSource("exception-view/exception-view_en.ftl"): Not found
2023-04-09 18:17:44,298 DEBUG [main] cache:45 - TemplateLoader.findTemplateSource("exception-view/exception-view.ftl"): Found
2023-04-09 18:17:44,299 DEBUG [main] cache:45 - Loading template for "exception-view/exception-view.ftl"("en", UTF-8, parsed) from "jar:file:/C:/Users/PC/.m2/repository/com/aventstack/extentreports/3.1.2/extentreports-3.1.2.jar!/com/aventstack/extentreports/view/html-report/exception-view/exception-view.ftl"
2023-04-09 18:17:44,310 DEBUG [main] cache:45 - Couldn't find template in cache for "dashboard-view/dashboard-view.ftl"("en", UTF-8, parsed); will try to load it.
2023-04-09 18:17:44,314 DEBUG [main] cache:45 - TemplateLoader.findTemplateSource("dashboard-view/dashboard-view_en.ftl"): Not found
2023-04-09 18:17:44,315 DEBUG [main] cache:45 - TemplateLoader.findTemplateSource("dashboard-view/dashboard-view.ftl"): Found
2023-04-09 18:17:44,316 DEBUG [main] cache:45 - Loading template for "dashboard-view/dashboard-view.ftl"("en", UTF-8, parsed) from "jar:file:/C:/Users/PC/.m2/repository/com/aventstack/extentreports/3.1.2/extentreports-3.1.2.jar!/com/aventstack/extentreports/view/html-report/dashboard-view/dashboard-view.ftl"
2023-04-09 18:17:44,355 DEBUG [main] cache:45 - Couldn't find template in cache for "logs-view/testrunner-logs-view.ftl"("en", UTF-8, parsed); will try to load it.
2023-04-09 18:17:44,367 DEBUG [main] cache:45 - TemplateLoader.findTemplateSource("logs-view/testrunner-logs-view_en.ftl"): Not found
2023-04-09 18:17:44,369 DEBUG [main] cache:45 - TemplateLoader.findTemplateSource("logs-view/testrunner-logs-view.ftl"): Found
2023-04-09 18:17:44,370 DEBUG [main] cache:45 - Loading template for "logs-view/testrunner-logs-view.ftl"("en", UTF-8, parsed) from "jar:file:/C:/Users/PC/.m2/repository/com/aventstack/extentreports/3.1.2/extentreports-3.1.2.jar!/com/aventstack/extentreports/view/html-report/logs-view/testrunner-logs-view.ftl"
2023-04-09 18:18:34,486  INFO [main] HealthCureProject:15 - Land on Home Page
2023-04-09 18:18:34,573  INFO [main] HealthCureProject:17 - Click On dropDown
2023-04-09 18:18:34,995  INFO [main] HealthCureProject:19 - Click on Profile
2023-04-09 18:18:35,066  INFO [main] HealthCureProject:21 - Verify Profile Page Page
2023-04-09 18:18:35,174  INFO [main] HealthCureProject:24 - Click on DropDown
2023-04-09 18:18:36,002  INFO [main] HealthCureProject:26 - Click on Logout
2023-04-09 18:19:06,596  INFO [main] HealthCureProject:50 - land On Login Page
2023-04-09 18:19:06,755  INFO [main] HealthCureProject:53 - Enter the Username as Admin
2023-04-09 18:19:06,941  INFO [main] HealthCureProject:55 - Enter the Password
2023-04-09 18:19:09,294  INFO [main] HealthCureProject:57 - Click login btn
2023-04-09 18:19:09,385  INFO [main] HealthCureProject:59 - verifying Invalid Credential
2023-04-09 18:19:10,711  INFO [main] HealthCureProject:50 - land On Login Page
2023-04-09 18:19:10,897  INFO [main] HealthCureProject:53 - Enter the Username as kira
2023-04-09 18:19:11,065  INFO [main] HealthCureProject:55 - Enter the Password
2023-04-09 18:19:13,079  INFO [main] HealthCureProject:57 - Click login btn
2023-04-09 18:19:13,181  INFO [main] HealthCureProject:59 - verifying Invalid Credential
2023-04-09 18:19:13,707  INFO [main] HealthCureProject:50 - land On Login Page
2023-04-09 18:19:13,853  INFO [main] HealthCureProject:53 - Enter the Username as Admin
2023-04-09 18:19:14,024  INFO [main] HealthCureProject:55 - Enter the Password
2023-04-09 18:19:14,877  INFO [main] HealthCureProject:57 - Click login btn
2023-04-09 18:19:14,994  INFO [main] HealthCureProject:59 - verifying Invalid Credential
2023-04-09 18:19:15,489  INFO [main] HealthCureProject:50 - land On Login Page
2023-04-09 18:19:15,686  INFO [main] HealthCureProject:53 - Enter the Username as Admin
2023-04-09 18:19:15,838  INFO [main] HealthCureProject:55 - Enter the Password
2023-04-09 18:19:16,706  INFO [main] HealthCureProject:57 - Click login btn
2023-04-09 18:19:16,836  INFO [main] HealthCureProject:59 - verifying Invalid Credential
2023-04-09 18:19:17,317  INFO [main] HealthCureProject:50 - land On Login Page
2023-04-09 18:19:17,517  INFO [main] HealthCureProject:53 - Enter the Username as prjwal@gmail.com
2023-04-09 18:19:17,667  INFO [main] HealthCureProject:55 - Enter the Password
2023-04-09 18:19:18,586  INFO [main] HealthCureProject:57 - Click login btn
2023-04-09 18:19:18,683  INFO [main] HealthCureProject:59 - verifying Invalid Credential
2023-04-09 18:19:19,193  INFO [main] HealthCureProject:50 - land On Login Page
2023-04-09 18:19:19,430  INFO [main] HealthCureProject:53 - Enter the Username as rama@gmail.com
2023-04-09 18:19:19,600  INFO [main] HealthCureProject:55 - Enter the Password
2023-04-09 18:19:22,315  INFO [main] HealthCureProject:57 - Click login btn
2023-04-09 18:19:22,525  INFO [main] HealthCureProject:59 - verifying Invalid Credential
2023-04-09 18:19:23,410  INFO [main] HealthCureProject:50 - land On Login Page
2023-04-09 18:19:23,596  INFO [main] HealthCureProject:53 - Enter the Username as Rama@123
2023-04-09 18:19:23,740  INFO [main] HealthCureProject:55 - Enter the Password
2023-04-09 18:19:24,869  INFO [main] HealthCureProject:57 - Click login btn
2023-04-09 18:19:24,991  INFO [main] HealthCureProject:59 - verifying Invalid Credential
2023-04-09 18:19:25,595  INFO [main] HealthCureProject:50 - land On Login Page
2023-04-09 18:19:25,835  INFO [main] HealthCureProject:53 - Enter the Username as kira@abc
2023-04-09 18:19:26,017  INFO [main] HealthCureProject:55 - Enter the Password
2023-04-09 18:19:27,778  INFO [main] HealthCureProject:57 - Click login btn
2023-04-09 18:19:27,910  INFO [main] HealthCureProject:59 - verifying Invalid Credential
2023-04-09 18:19:28,542  INFO [main] HealthCureProject:36 - land On Login Page
2023-04-09 18:19:28,965  INFO [main] HealthCureProject:39 - Enter the Username as John Doe
2023-04-09 18:19:29,113  INFO [main] HealthCureProject:41 - Enter the Password as ThisIsNotAPassword
2023-04-09 18:19:32,104  INFO [main] HealthCureProject:43 - Click login btn
2023-04-09 18:19:41,578 DEBUG [main] cache:45 - Couldn't find template in cache for "index.ftl"("en", UTF-8, parsed); will try to load it.
2023-04-09 18:19:41,597 DEBUG [main] cache:45 - TemplateLoader.findTemplateSource("index_en.ftl"): Not found
2023-04-09 18:19:41,603 DEBUG [main] cache:45 - TemplateLoader.findTemplateSource("index.ftl"): Found
2023-04-09 18:19:41,604 DEBUG [main] cache:45 - Loading template for "index.ftl"("en", UTF-8, parsed) from "jar:file:/C:/Users/PC/.m2/repository/com/aventstack/extentreports/3.1.2/extentreports-3.1.2.jar!/com/aventstack/extentreports/view/html-report/index.ftl"
2023-04-09 18:19:42,636 DEBUG [main] cache:45 - Couldn't find template in cache for "head.ftl"("en", UTF-8, parsed); will try to load it.
2023-04-09 18:19:42,643 DEBUG [main] cache:45 - TemplateLoader.findTemplateSource("head_en.ftl"): Not found
2023-04-09 18:19:42,657 DEBUG [main] cache:45 - TemplateLoader.findTemplateSource("head.ftl"): Found
2023-04-09 18:19:42,660 DEBUG [main] cache:45 - Loading template for "head.ftl"("en", UTF-8, parsed) from "jar:file:/C:/Users/PC/.m2/repository/com/aventstack/extentreports/3.1.2/extentreports-3.1.2.jar!/com/aventstack/extentreports/view/html-report/head.ftl"
2023-04-09 18:19:42,690 DEBUG [main] cache:45 - Couldn't find template in cache for "nav.ftl"("en", UTF-8, parsed); will try to load it.
2023-04-09 18:19:42,691 DEBUG [main] cache:45 - TemplateLoader.findTemplateSource("nav_en.ftl"): Not found
2023-04-09 18:19:42,717 DEBUG [main] cache:45 - TemplateLoader.findTemplateSource("nav.ftl"): Found
2023-04-09 18:19:42,718 DEBUG [main] cache:45 - Loading template for "nav.ftl"("en", UTF-8, parsed) from "jar:file:/C:/Users/PC/.m2/repository/com/aventstack/extentreports/3.1.2/extentreports-3.1.2.jar!/com/aventstack/extentreports/view/html-report/nav.ftl"
2023-04-09 18:19:42,741 DEBUG [main] cache:45 - Couldn't find template in cache for "test-view/test-view.ftl"("en", UTF-8, parsed); will try to load it.
2023-04-09 18:19:42,745 DEBUG [main] cache:45 - TemplateLoader.findTemplateSource("test-view/test-view_en.ftl"): Not found
2023-04-09 18:19:42,748 DEBUG [main] cache:45 - TemplateLoader.findTemplateSource("test-view/test-view.ftl"): Found
2023-04-09 18:19:42,754 DEBUG [main] cache:45 - Loading template for "test-view/test-view.ftl"("en", UTF-8, parsed) from "jar:file:/C:/Users/PC/.m2/repository/com/aventstack/extentreports/3.1.2/extentreports-3.1.2.jar!/com/aventstack/extentreports/view/html-report/test-view/test-view.ftl"
2023-04-09 18:19:42,818 DEBUG [main] cache:45 - Couldn't find template in cache for "test-view/test-view-charts.ftl"("en", UTF-8, parsed); will try to load it.
2023-04-09 18:19:42,822 DEBUG [main] cache:45 - TemplateLoader.findTemplateSource("test-view/test-view-charts_en.ftl"): Not found
2023-04-09 18:19:42,824 DEBUG [main] cache:45 - TemplateLoader.findTemplateSource("test-view/test-view-charts.ftl"): Found
2023-04-09 18:19:42,825 DEBUG [main] cache:45 - Loading template for "test-view/test-view-charts.ftl"("en", UTF-8, parsed) from "jar:file:/C:/Users/PC/.m2/repository/com/aventstack/extentreports/3.1.2/extentreports-3.1.2.jar!/com/aventstack/extentreports/view/html-report/test-view/test-view-charts.ftl"
2023-04-09 18:19:42,877 DEBUG [main] cache:45 - Couldn't find template in cache for "test-view/standard.ftl"("en", UTF-8, parsed); will try to load it.
2023-04-09 18:19:42,878 DEBUG [main] cache:45 - TemplateLoader.findTemplateSource("test-view/standard_en.ftl"): Not found
2023-04-09 18:19:42,882 DEBUG [main] cache:45 - TemplateLoader.findTemplateSource("test-view/standard.ftl"): Found
2023-04-09 18:19:42,885 DEBUG [main] cache:45 - Loading template for "test-view/standard.ftl"("en", UTF-8, parsed) from "jar:file:/C:/Users/PC/.m2/repository/com/aventstack/extentreports/3.1.2/extentreports-3.1.2.jar!/com/aventstack/extentreports/view/html-report/test-view/standard.ftl"
2023-04-09 18:19:42,942 DEBUG [main] cache:45 - "test-view/standard.ftl"("en", UTF-8, parsed) cached copy not yet stale; using cached.
2023-04-09 18:19:42,952 DEBUG [main] cache:45 - "test-view/standard.ftl"("en", UTF-8, parsed) cached copy not yet stale; using cached.
2023-04-09 18:19:42,972 DEBUG [main] cache:45 - "test-view/standard.ftl"("en", UTF-8, parsed) cached copy not yet stale; using cached.
2023-04-09 18:19:42,981 DEBUG [main] cache:45 - "test-view/standard.ftl"("en", UTF-8, parsed) cached copy not yet stale; using cached.
2023-04-09 18:19:42,987 DEBUG [main] cache:45 - "test-view/standard.ftl"("en", UTF-8, parsed) cached copy not yet stale; using cached.
2023-04-09 18:19:42,996 DEBUG [main] cache:45 - "test-view/standard.ftl"("en", UTF-8, parsed) cached copy not yet stale; using cached.
2023-04-09 18:19:43,007 DEBUG [main] cache:45 - "test-view/standard.ftl"("en", UTF-8, parsed) cached copy not yet stale; using cached.
2023-04-09 18:19:43,010 DEBUG [main] cache:45 - "test-view/standard.ftl"("en", UTF-8, parsed) cached copy not yet stale; using cached.
2023-04-09 18:19:43,012 DEBUG [main] cache:45 - "test-view/standard.ftl"("en", UTF-8, parsed) cached copy not yet stale; using cached.
2023-04-09 18:19:43,020 DEBUG [main] cache:45 - "test-view/standard.ftl"("en", UTF-8, parsed) cached copy not yet stale; using cached.
2023-04-09 18:19:43,026 DEBUG [main] cache:45 - "test-view/standard.ftl"("en", UTF-8, parsed) cached copy not yet stale; using cached.
2023-04-09 18:19:43,032 DEBUG [main] cache:45 - "test-view/standard.ftl"("en", UTF-8, parsed) cached copy not yet stale; using cached.
2023-04-09 18:19:43,043 DEBUG [main] cache:45 - "test-view/standard.ftl"("en", UTF-8, parsed) cached copy not yet stale; using cached.
2023-04-09 18:19:43,045 DEBUG [main] cache:45 - "test-view/standard.ftl"("en", UTF-8, parsed) cached copy not yet stale; using cached.
2023-04-09 18:19:43,048 DEBUG [main] cache:45 - "test-view/standard.ftl"("en", UTF-8, parsed) cached copy not yet stale; using cached.
2023-04-09 18:19:43,068 DEBUG [main] cache:45 - "test-view/standard.ftl"("en", UTF-8, parsed) cached copy not yet stale; using cached.
2023-04-09 18:19:43,074 DEBUG [main] cache:45 - Couldn't find template in cache for "category-view/category-view.ftl"("en", UTF-8, parsed); will try to load it.
2023-04-09 18:19:43,079 DEBUG [main] cache:45 - TemplateLoader.findTemplateSource("category-view/category-view_en.ftl"): Not found
2023-04-09 18:19:43,085 DEBUG [main] cache:45 - TemplateLoader.findTemplateSource("category-view/category-view.ftl"): Found
2023-04-09 18:19:43,090 DEBUG [main] cache:45 - Loading template for "category-view/category-view.ftl"("en", UTF-8, parsed) from "jar:file:/C:/Users/PC/.m2/repository/com/aventstack/extentreports/3.1.2/extentreports-3.1.2.jar!/com/aventstack/extentreports/view/html-report/category-view/category-view.ftl"
2023-04-09 18:19:43,133 DEBUG [main] cache:45 - Couldn't find template in cache for "author-view/author-view.ftl"("en", UTF-8, parsed); will try to load it.
2023-04-09 18:19:43,138 DEBUG [main] cache:45 - TemplateLoader.findTemplateSource("author-view/author-view_en.ftl"): Not found
2023-04-09 18:19:43,140 DEBUG [main] cache:45 - TemplateLoader.findTemplateSource("author-view/author-view.ftl"): Found
2023-04-09 18:19:43,141 DEBUG [main] cache:45 - Loading template for "author-view/author-view.ftl"("en", UTF-8, parsed) from "jar:file:/C:/Users/PC/.m2/repository/com/aventstack/extentreports/3.1.2/extentreports-3.1.2.jar!/com/aventstack/extentreports/view/html-report/author-view/author-view.ftl"
2023-04-09 18:19:43,169 DEBUG [main] cache:45 - Couldn't find template in cache for "exception-view/exception-view.ftl"("en", UTF-8, parsed); will try to load it.
2023-04-09 18:19:43,170 DEBUG [main] cache:45 - TemplateLoader.findTemplateSource("exception-view/exception-view_en.ftl"): Not found
2023-04-09 18:19:43,171 DEBUG [main] cache:45 - TemplateLoader.findTemplateSource("exception-view/exception-view.ftl"): Found
2023-04-09 18:19:43,173 DEBUG [main] cache:45 - Loading template for "exception-view/exception-view.ftl"("en", UTF-8, parsed) from "jar:file:/C:/Users/PC/.m2/repository/com/aventstack/extentreports/3.1.2/extentreports-3.1.2.jar!/com/aventstack/extentreports/view/html-report/exception-view/exception-view.ftl"
2023-04-09 18:19:43,225 DEBUG [main] cache:45 - Couldn't find template in cache for "dashboard-view/dashboard-view.ftl"("en", UTF-8, parsed); will try to load it.
2023-04-09 18:19:43,229 DEBUG [main] cache:45 - TemplateLoader.findTemplateSource("dashboard-view/dashboard-view_en.ftl"): Not found
2023-04-09 18:19:43,235 DEBUG [main] cache:45 - TemplateLoader.findTemplateSource("dashboard-view/dashboard-view.ftl"): Found
2023-04-09 18:19:43,239 DEBUG [main] cache:45 - Loading template for "dashboard-view/dashboard-view.ftl"("en", UTF-8, parsed) from "jar:file:/C:/Users/PC/.m2/repository/com/aventstack/extentreports/3.1.2/extentreports-3.1.2.jar!/com/aventstack/extentreports/view/html-report/dashboard-view/dashboard-view.ftl"
2023-04-09 18:19:43,278 DEBUG [main] cache:45 - Couldn't find template in cache for "logs-view/testrunner-logs-view.ftl"("en", UTF-8, parsed); will try to load it.
2023-04-09 18:19:43,287 DEBUG [main] cache:45 - TemplateLoader.findTemplateSource("logs-view/testrunner-logs-view_en.ftl"): Not found
2023-04-09 18:19:43,293 DEBUG [main] cache:45 - TemplateLoader.findTemplateSource("logs-view/testrunner-logs-view.ftl"): Found
2023-04-09 18:19:43,297 DEBUG [main] cache:45 - Loading template for "logs-view/testrunner-logs-view.ftl"("en", UTF-8, parsed) from "jar:file:/C:/Users/PC/.m2/repository/com/aventstack/extentreports/3.1.2/extentreports-3.1.2.jar!/com/aventstack/extentreports/view/html-report/logs-view/testrunner-logs-view.ftl"
